<?xml version="1.0" encoding="UTF-8"?>
<testsuite xmlns:xsi="http://www.w3.org/2001/XMLSchema-instance" xsi:noNamespaceSchemaLocation="https://maven.apache.org/surefire/maven-surefire-plugin/xsd/surefire-test-report.xsd" name="examples.ExamplesTest" time="6.695" tests="1" errors="0" skipped="0" failures="1">
  <properties>
[...]
</properties>
  <testcase name="testParallel" classname="examples.ExamplesTest" time="6.688">
    <failure message="match failed: CONTAINS&#10;  $ | data types don&apos;t match (MAP:STRING)&#10;  {&quot;errorMessage&quot;:&quot;This user already exist.&quot;}&#10;  &apos;&quot;&quot;&apos;&#10;&#10;&#10;classpath:examples/users/demoblaze.feature:11 ==&gt; expected: &lt;0&gt; but was: &lt;1&gt;" type="org.opentest4j.AssertionFailedError"><![CDATA[org.opentest4j.AssertionFailedError: 
match failed: CONTAINS
  $ | data types don't match (MAP:STRING)
  {"errorMessage":"This user already exist."}
  '""'


classpath:examples/users/demoblaze.feature:11 ==> expected: <0> but was: <1>
	at examples.ExamplesTest.testParallel(ExamplesTest.java:15)
]]></failure>
    <system-out><![CDATA[23:01:14.387 [main] DEBUG com.intuit.karate.Suite - [config] classpath:karate-config.js
23:01:14.399 [main] INFO  com.intuit.karate.Suite - backed up existing 'target\karate-reports' dir to: target\karate-reports_1722052874396
23:01:16.025 [pool-1-thread-2] INFO  com.intuit.karate - karate.env system property was: null 
23:01:16.062 [pool-1-thread-4] INFO  com.intuit.karate - karate.env system property was: null 
23:01:16.067 [pool-1-thread-3] INFO  com.intuit.karate - karate.env system property was: null 
23:01:16.071 [pool-1-thread-1] INFO  com.intuit.karate - karate.env system property was: null 
23:01:16.649 [pool-1-thread-3] DEBUG com.intuit.karate - request:
1 > POST https://api.demoblaze.com/login
1 > Content-Type: application/json; charset=UTF-8
1 > Content-Length: 50
1 > Host: api.demoblaze.com
1 > Connection: Keep-Alive
1 > User-Agent: Apache-HttpClient/4.5.13 (Java/21.0.2)
1 > Accept-Encoding: gzip,deflate
{"username":"joc123456","password":"lalala123456"}

23:01:16.649 [pool-1-thread-2] DEBUG com.intuit.karate - request:
1 > POST https://api.demoblaze.com/signup
1 > Content-Type: application/json; charset=UTF-8
1 > Content-Length: 50
1 > Host: api.demoblaze.com
1 > Connection: Keep-Alive
1 > User-Agent: Apache-HttpClient/4.5.13 (Java/21.0.2)
1 > Accept-Encoding: gzip,deflate
{"username":"joc123456","password":"lalala123456"}

23:01:16.649 [pool-1-thread-4] DEBUG com.intuit.karate - request:
1 > POST https://api.demoblaze.com/login
1 > Content-Type: application/json; charset=UTF-8
1 > Content-Length: 44
1 > Host: api.demoblaze.com
1 > Connection: Keep-Alive
1 > User-Agent: Apache-HttpClient/4.5.13 (Java/21.0.2)
1 > Accept-Encoding: gzip,deflate
{"username":"joc123","password":"lalala123"}

23:01:16.649 [pool-1-thread-1] DEBUG com.intuit.karate - request:
1 > POST https://api.demoblaze.com/signup
1 > Content-Type: application/json; charset=UTF-8
1 > Content-Length: 52
1 > Host: api.demoblaze.com
1 > Connection: Keep-Alive
1 > User-Agent: Apache-HttpClient/4.5.13 (Java/21.0.2)
1 > Accept-Encoding: gzip,deflate
{"username":"asdsada12312","password":"asdd1234sdf"}

23:01:17.480 [pool-1-thread-1] DEBUG com.intuit.karate - response time in milliseconds: 827
1 < 200
1 < Content-Type: application/json
1 < Vary: Accept-Encoding
1 < X-Cloud-Trace-Context: b51d3716532a5ca317f8d1b41d248bb6
1 < Date: Sat, 27 Jul 2024 04:01:17 GMT
1 < Server: Google Frontend
1 < Cache-Control: private
1 < Transfer-Encoding: chunked
{"errorMessage":"This user already exist."}


23:01:17.480 [pool-1-thread-4] DEBUG com.intuit.karate - response time in milliseconds: 827
1 < 200
1 < Content-Type: application/json
1 < Vary: Accept-Encoding
1 < X-Cloud-Trace-Context: e9902f20bfbb914c254de3ce72d82cd7
1 < Date: Sat, 27 Jul 2024 04:01:17 GMT
1 < Server: Google Frontend
1 < Cache-Control: private
1 < Transfer-Encoding: chunked
{"errorMessage":"Wrong password."}


23:01:17.480 [pool-1-thread-2] DEBUG com.intuit.karate - response time in milliseconds: 827
1 < 200
1 < Content-Type: application/json
1 < Vary: Accept-Encoding
1 < X-Cloud-Trace-Context: c560c4c8f87daf8d97f9090f06eee26a
1 < Date: Sat, 27 Jul 2024 04:01:17 GMT
1 < Server: Google Frontend
1 < Cache-Control: private
1 < Transfer-Encoding: chunked
{"errorMessage":"This user already exist."}


23:01:17.494 [pool-1-thread-3] DEBUG com.intuit.karate - response time in milliseconds: 844
1 < 200
1 < Content-Type: application/json
1 < Vary: Accept-Encoding
1 < X-Cloud-Trace-Context: a4a561c342f398b7f957875a97269167
1 < Date: Sat, 27 Jul 2024 04:01:17 GMT
1 < Server: Google Frontend
1 < Cache-Control: private
1 < Transfer-Encoding: chunked
"Auth_token: am9jMTIzNDU2MTcyMjY1Mg=="


23:01:17.510 [pool-1-thread-1] ERROR com.intuit.karate - classpath:examples/users/demoblaze.feature:11
And match response contains '""'
match failed: CONTAINS
  $ | data types don't match (MAP:STRING)
  {"errorMessage":"This user already exist."}
  '""'


classpath:examples/users/demoblaze.feature:11
---------------------------------------------------------
feature: classpath:examples/users/demoblaze.feature
scenarios:  4 | passed:  3 | failed:  1 | time: 5,6495
---------------------------------------------------------

23:01:18.843 [pool-2-thread-1] INFO  com.intuit.karate.Suite - <<fail>> feature 1 of 1 (0 remaining) classpath:examples/users/demoblaze.feature
Karate version: 1.3.0
======================================================
elapsed:   6,08 | threads:    5 | thread time: 5,65 
features:     1 | skipped:    0 | efficiency: 0,19
scenarios:    4 | passed:     3 | failed: 1
======================================================
>>> failed features:
match failed: CONTAINS
  $ | data types don't match (MAP:STRING)
  {"errorMessage":"This user already exist."}
  '""'


classpath:examples/users/demoblaze.feature:11
<<<

HTML report: (paste into browser to view) | Karate version: 1.3.0
file:///C:/Users/joc_r/OneDrive/Documentos/Pregunta2/target/karate-reports/karate-summary.html
===================================================================

]]></system-out>
  </testcase>
</testsuite>